#
# There is insufficient memory for the Java Runtime Environment to continue.
# Native memory allocation (malloc) failed to allocate 1048576 bytes for AllocateHeap
# Possible reasons:
#   The system is out of physical RAM or swap space
#   The process is running with CompressedOops enabled, and the Java Heap may be blocking the growth of the native heap
# Possible solutions:
#   Reduce memory load on the system
#   Increase physical memory or swap space
#   Check if swap backing store is full
#   Decrease Java heap size (-Xmx/-Xms)
#   Decrease number of Java threads
#   Decrease Java thread stack sizes (-Xss)
#   Set larger code cache with -XX:ReservedCodeCacheSize=
#   JVM is running with Unscaled Compressed Oops mode in which the Java heap is
#     placed in the first 4GB address space. The Java Heap base address is the
#     maximum limit for the native heap growth. Please use -XX:HeapBaseMinAddress
#     to set the Java Heap base and to place the Java Heap above 4GB virtual address.
# This output file may be truncated or incomplete.
#
#  Out of Memory Error (allocation.cpp:44), pid=25212, tid=26964
#
# JRE version:  (17.0.9+9) (build )
# Java VM: OpenJDK 64-Bit Server VM (17.0.9+9, mixed mode, sharing, tiered, compressed oops, compressed class ptrs, g1 gc, windows-amd64)
# No core dump will be written. Minidumps are not enabled by default on client versions of Windows
#

---------------  S U M M A R Y ------------

Command Line: -ea -Dfile.encoding=UTF-8 -Dstdout.encoding=UTF-8 -Dstderr.encoding=UTF-8 -XX:+ShowCodeDetailsInExceptionMessages org.eclipse.jdt.internal.junit.runner.RemoteTestRunner -version 3 -port 54168 -testLoaderClass org.eclipse.jdt.internal.junit5.runner.JUnit5TestLoader -loaderpluginname org.eclipse.jdt.junit5.runtime -classNames JunitJune24.JunitLifeCycle

Host: 11th Gen Intel(R) Core(TM) i5-1135G7 @ 2.40GHz, 8 cores, 7G,  Windows 11 , 64 bit Build 22621 (10.0.22621.3527)
Time: Mon Jun 24 15:32:55 2024 India Standard Time elapsed time: 0.020771 seconds (0d 0h 0m 0s)

---------------  T H R E A D  ---------------

Current thread (0x0000017bc3d532e0):  JavaThread "Unknown thread" [_thread_in_vm, id=26964, stack(0x0000006456000000,0x0000006456100000)]

Stack: [0x0000006456000000,0x0000006456100000]
Native frames: (J=compiled Java code, j=interpreted, Vv=VM code, C=native code)
V  [jvm.dll+0x67cf49]
V  [jvm.dll+0x83478a]
V  [jvm.dll+0x83624e]
V  [jvm.dll+0x8368b3]
V  [jvm.dll+0x247f1f]
V  [jvm.dll+0xa6b4b]
V  [jvm.dll+0x2e7b77]
V  [jvm.dll+0x2df99b]
V  [jvm.dll+0x806031]
V  [jvm.dll+0x36cf31]
V  [jvm.dll+0x7e4aac]
V  [jvm.dll+0x3f07af]
V  [jvm.dll+0x3f23e1]
C  [jli.dll+0x528f]
C  [ucrtbase.dll+0x29333]
C  [KERNEL32.DLL+0x1257d]
C  [ntdll.dll+0x5aa48]


---------------  P R O C E S S  ---------------

Threads class SMR info:
_java_thread_list=0x00007ff9e850ee98, length=0, elements={
}

Java Threads: ( => current thread )

Other Threads:
  0x0000017bc3dacff0 GCTaskThread "GC Thread#0" [stack: 0x0000006456100000,0x0000006456200000] [id=12600]

[error occurred during error reporting (printing all threads), id 0xc0000005, EXCEPTION_ACCESS_VIOLATION (0xc0000005) at pc=0x00007ff9e7cccac0]

VM state: not at safepoint (not fully initialized)

VM Mutex/Monitor currently owned by a thread:  ([mutex/lock_event])
[0x0000017bc3d4ed40] Heap_lock - owner thread: 0x0000017bc3d532e0

Heap address: 0x0000000084200000, size: 1982 MB, Compressed Oops mode: 32-bit

CDS archive(s) mapped at: [0x0000000000000000-0x0000000000000000-0x0000000000000000), size 0, SharedBaseAddress: 0x0000000800000000, ArchiveRelocationMode: 1.
Narrow klass base: 0x0000000000000000, Narrow klass shift: 0, Narrow klass range: 0x0

GC Precious Log:
<Empty>

Heap:
 garbage-first heap   total 0K, used 0K [0x0000000084200000, 0x0000000100000000)
  region size 1024K, 0 young (0K), 0 survivors (0K)

[error occurred during error reporting (printing heap information), id 0xc0000005, EXCEPTION_ACCESS_VIOLATION (0xc0000005) at pc=0x00007ff9e80b6c79]

GC Heap History (0 events):
No events

Dll operation events (1 events):
Event: 0.013 Loaded shared library C:\Users\Sneha\Downloads\eclipse-java-2023-12-R-win32-x86_64\eclipse\plugins\org.eclipse.justj.openjdk.hotspot.jre.full.win32.x86_64_17.0.9.v20231028-0858\jre\bin\java.dll

Deoptimization events (0 events):
No events

Classes unloaded (0 events):
No events

Classes redefined (0 events):
No events

Internal exceptions (0 events):
No events

VM Operations (0 events):
No events

Events (0 events):
No events


Dynamic libraries:
0x00007ff651680000 - 0x00007ff65168e000 	C:\Users\Sneha\Downloads\eclipse-java-2023-12-R-win32-x86_64\eclipse\plugins\org.eclipse.justj.openjdk.hotspot.jre.full.win32.x86_64_17.0.9.v20231028-0858\jre\bin\javaw.exe
0x00007ffa88f10000 - 0x00007ffa89127000 	C:\Windows\SYSTEM32\ntdll.dll
0x00007ffa87fd0000 - 0x00007ffa88094000 	C:\Windows\System32\KERNEL32.DLL
0x00007ffa867e0000 - 0x00007ffa86b87000 	C:\Windows\System32\KERNELBASE.dll
0x00007ffa86560000 - 0x00007ffa86671000 	C:\Windows\System32\ucrtbase.dll
0x00007ffa33560000 - 0x00007ffa3357b000 	C:\Users\Sneha\Downloads\eclipse-java-2023-12-R-win32-x86_64\eclipse\plugins\org.eclipse.justj.openjdk.hotspot.jre.full.win32.x86_64_17.0.9.v20231028-0858\jre\bin\VCRUNTIME140.dll
0x00007ffa3b470000 - 0x00007ffa3b487000 	C:\Users\Sneha\Downloads\eclipse-java-2023-12-R-win32-x86_64\eclipse\plugins\org.eclipse.justj.openjdk.hotspot.jre.full.win32.x86_64_17.0.9.v20231028-0858\jre\bin\jli.dll
0x00007ffa887e0000 - 0x00007ffa8898e000 	C:\Windows\System32\USER32.dll
0x00007ffa86c10000 - 0x00007ffa86c36000 	C:\Windows\System32\win32u.dll
0x00007ffa880a0000 - 0x00007ffa880c9000 	C:\Windows\System32\GDI32.dll
0x00007ffa86230000 - 0x00007ffa86349000 	C:\Windows\System32\gdi32full.dll
0x00007ffa864c0000 - 0x00007ffa8655a000 	C:\Windows\System32\msvcp_win.dll
0x00007ffa560f0000 - 0x00007ffa56383000 	C:\Windows\WinSxS\amd64_microsoft.windows.common-controls_6595b64144ccf1df_6.0.22621.3527_none_270e469b73872a76\COMCTL32.dll
0x00007ffa88710000 - 0x00007ffa887b7000 	C:\Windows\System32\msvcrt.dll
0x00007ffa871e0000 - 0x00007ffa87211000 	C:\Windows\System32\IMM32.DLL
0x00007ffa45310000 - 0x00007ffa4531c000 	C:\Users\Sneha\Downloads\eclipse-java-2023-12-R-win32-x86_64\eclipse\plugins\org.eclipse.justj.openjdk.hotspot.jre.full.win32.x86_64_17.0.9.v20231028-0858\jre\bin\vcruntime140_1.dll
0x00007ffa2a1f0000 - 0x00007ffa2a27d000 	C:\Users\Sneha\Downloads\eclipse-java-2023-12-R-win32-x86_64\eclipse\plugins\org.eclipse.justj.openjdk.hotspot.jre.full.win32.x86_64_17.0.9.v20231028-0858\jre\bin\msvcp140.dll
0x00007ff9e79e0000 - 0x00007ff9e8641000 	C:\Users\Sneha\Downloads\eclipse-java-2023-12-R-win32-x86_64\eclipse\plugins\org.eclipse.justj.openjdk.hotspot.jre.full.win32.x86_64_17.0.9.v20231028-0858\jre\bin\server\jvm.dll
0x00007ffa88650000 - 0x00007ffa88702000 	C:\Windows\System32\ADVAPI32.dll
0x00007ffa87220000 - 0x00007ffa872c8000 	C:\Windows\System32\sechost.dll
0x00007ffa86680000 - 0x00007ffa866a8000 	C:\Windows\System32\bcrypt.dll
0x00007ffa88d30000 - 0x00007ffa88e45000 	C:\Windows\System32\RPCRT4.dll
0x00007ffa860f0000 - 0x00007ffa8613d000 	C:\Windows\SYSTEM32\POWRPROF.dll
0x00007ffa7fa80000 - 0x00007ffa7fab4000 	C:\Windows\SYSTEM32\WINMM.dll
0x00007ffa76f20000 - 0x00007ffa76f29000 	C:\Windows\SYSTEM32\WSOCK32.dll
0x00007ffa88e50000 - 0x00007ffa88ec1000 	C:\Windows\System32\WS2_32.dll
0x00007ffa816d0000 - 0x00007ffa816da000 	C:\Windows\SYSTEM32\VERSION.dll
0x00007ffa860d0000 - 0x00007ffa860e3000 	C:\Windows\SYSTEM32\UMPDC.dll
0x00007ffa85210000 - 0x00007ffa85228000 	C:\Windows\SYSTEM32\kernel.appcore.dll
0x00007ffa4ff30000 - 0x00007ffa4ff3a000 	C:\Users\Sneha\Downloads\eclipse-java-2023-12-R-win32-x86_64\eclipse\plugins\org.eclipse.justj.openjdk.hotspot.jre.full.win32.x86_64_17.0.9.v20231028-0858\jre\bin\jimage.dll
0x00007ffa83a30000 - 0x00007ffa83c62000 	C:\Windows\SYSTEM32\DBGHELP.DLL
0x00007ffa87c30000 - 0x00007ffa87fb8000 	C:\Windows\System32\combase.dll
0x00007ffa86cb0000 - 0x00007ffa86d87000 	C:\Windows\System32\OLEAUT32.dll
0x00007ffa7eb10000 - 0x00007ffa7eb42000 	C:\Windows\SYSTEM32\dbgcore.DLL
0x00007ffa86b90000 - 0x00007ffa86c09000 	C:\Windows\System32\bcryptPrimitives.dll
0x00007ffa2cdc0000 - 0x00007ffa2cde5000 	C:\Users\Sneha\Downloads\eclipse-java-2023-12-R-win32-x86_64\eclipse\plugins\org.eclipse.justj.openjdk.hotspot.jre.full.win32.x86_64_17.0.9.v20231028-0858\jre\bin\java.dll

dbghelp: loaded successfully - version: 4.0.5 - missing functions: none
symbol engine: initialized successfully - sym options: 0x614 - pdb path: .;C:\Users\Sneha\Downloads\eclipse-java-2023-12-R-win32-x86_64\eclipse\plugins\org.eclipse.justj.openjdk.hotspot.jre.full.win32.x86_64_17.0.9.v20231028-0858\jre\bin;C:\Windows\SYSTEM32;C:\Windows\WinSxS\amd64_microsoft.windows.common-controls_6595b64144ccf1df_6.0.22621.3527_none_270e469b73872a76;C:\Users\Sneha\Downloads\eclipse-java-2023-12-R-win32-x86_64\eclipse\plugins\org.eclipse.justj.openjdk.hotspot.jre.full.win32.x86_64_17.0.9.v20231028-0858\jre\bin\server

VM Arguments:
jvm_args: -ea -Dfile.encoding=UTF-8 -Dstdout.encoding=UTF-8 -Dstderr.encoding=UTF-8 -XX:+ShowCodeDetailsInExceptionMessages 
java_command: org.eclipse.jdt.internal.junit.runner.RemoteTestRunner -version 3 -port 54168 -testLoaderClass org.eclipse.jdt.internal.junit5.runner.JUnit5TestLoader -loaderpluginname org.eclipse.jdt.junit5.runtime -classNames JunitJune24.JunitLifeCycle
java_class_path (initial): C:\Users\Sneha\java11221\junitproject\target\test-classes;C:\Users\Sneha\java11221\junitproject\target\classes;C:\Users\Sneha\Downloads\eclipse-java-2023-12-R-win32-x86_64\eclipse\plugins\junit-jupiter-api_5.10.1.jar;C:\Users\Sneha\Downloads\eclipse-java-2023-12-R-win32-x86_64\eclipse\plugins\junit-jupiter-engine_5.10.1.jar;C:\Users\Sneha\Downloads\eclipse-java-2023-12-R-win32-x86_64\eclipse\plugins\junit-jupiter-migrationsupport_5.10.1.jar;C:\Users\Sneha\Downloads\eclipse-java-2023-12-R-win32-x86_64\eclipse\plugins\junit-jupiter-params_5.10.1.jar;C:\Users\Sneha\Downloads\eclipse-java-2023-12-R-win32-x86_64\eclipse\plugins\junit-platform-commons_1.10.1.jar;C:\Users\Sneha\Downloads\eclipse-java-2023-12-R-win32-x86_64\eclipse\plugins\junit-platform-engine_1.10.1.jar;C:\Users\Sneha\Downloads\eclipse-java-2023-12-R-win32-x86_64\eclipse\plugins\junit-platform-launcher_1.10.1.jar;C:\Users\Sneha\Downloads\eclipse-java-2023-12-R-win32-x86_64\eclipse\plugins\junit-platform-runner_1.10.1.jar;C:\Users\Sneha\Downloads\eclipse-java-2023-12-R-win32-x86_64\eclipse\plugins\junit-platform-suite-api_1.10.1.jar;C:\Users\Sneha\Downloads\eclipse-java-2023-12-R-win32-x86_64\eclipse\plugins\junit-platform-suite-engine_1.10.1.jar;C:\Users\Sneha\Downloads\eclipse-java-2023-12-R-win32-x86_64\eclipse\plugins\junit-platform-suite-commons_1.10.1.jar;C:\Users\Sneha\Downloads\eclipse-java-2023-12-R-win32-x86_64\eclipse\plugins\junit-vintage-engine_5.10.1.jar;C:\Users\Sneha\Downloads\eclipse-java-2023-12-R-win32-x86_64\eclipse\plugins\org.opentest4j_1.3.0.jar;C:\Users\Sneha\Downloads\eclipse-java-2023-12-R-win32-x86_64\eclipse\plugins\org.apiguardian.api_1.1.2.jar;C:\Users\Sneha\Downloads\eclipse-java-2023-12-R-win32-x86_64\eclipse\plugins\org.junit_4.13.2.v20230809-1000.jar;C:\Users\Sneha\Downloads\eclipse-java-2023-12-R-win32-x86_64\eclipse\plugins\org.hamcrest_2.2.0.jar;C:\Users\Sneha\Downloads\eclipse-java-2023-12-R-win32-x86_64\eclipse\plugins\org.hamcrest.core_2.
Launcher Type: SUN_STANDARD

[Global flags]
     intx CICompilerCount                          = 4                                         {product} {ergonomic}
     uint ConcGCThreads                            = 2                                         {product} {ergonomic}
     uint G1ConcRefinementThreads                  = 8                                         {product} {ergonomic}
   size_t G1HeapRegionSize                         = 1048576                                   {product} {ergonomic}
    uintx GCDrainStackTargetSize                   = 64                                        {product} {ergonomic}
   size_t InitialHeapSize                          = 130023424                                 {product} {ergonomic}
   size_t MarkStackSize                            = 4194304                                   {product} {ergonomic}
   size_t MaxHeapSize                              = 2078277632                                {product} {ergonomic}
   size_t MinHeapDeltaBytes                        = 1048576                                   {product} {ergonomic}
   size_t MinHeapSize                              = 8388608                                   {product} {ergonomic}
    uintx NonNMethodCodeHeapSize                   = 5839372                                {pd product} {ergonomic}
    uintx NonProfiledCodeHeapSize                  = 122909434                              {pd product} {ergonomic}
    uintx ProfiledCodeHeapSize                     = 122909434                              {pd product} {ergonomic}
    uintx ReservedCodeCacheSize                    = 251658240                              {pd product} {ergonomic}
     bool SegmentedCodeCache                       = true                                      {product} {ergonomic}
     bool ShowCodeDetailsInExceptionMessages       = true                                   {manageable} {command line}
   size_t SoftMaxHeapSize                          = 2078277632                             {manageable} {ergonomic}
     bool UseCompressedClassPointers               = true                           {product lp64_product} {ergonomic}
     bool UseCompressedOops                        = true                           {product lp64_product} {ergonomic}
     bool UseG1GC                                  = true                                      {product} {ergonomic}
     bool UseLargePagesIndividualAllocation        = false                                  {pd product} {ergonomic}

Logging:
Log output configuration:
 #0: stdout all=warning uptime,level,tags
 #1: stderr all=off uptime,level,tags

Environment Variables:
PATH=C:/Users/Sneha/Downloads/eclipse-java-2023-12-R-win32-x86_64/eclipse//plugins/org.eclipse.justj.openjdk.hotspot.jre.full.win32.x86_64_17.0.9.v20231028-0858/jre/bin/server;C:/Users/Sneha/Downloads/eclipse-java-2023-12-R-win32-x86_64/eclipse//plugins/org.eclipse.justj.openjdk.hotspot.jre.full.win32.x86_64_17.0.9.v20231028-0858/jre/bin;C:\Program Files\Common Files\Oracle\Java\javapath;C:\Program Files (x86)\Common Files\Oracle\Java\javapath;C:\Program Files\Java\jdk-18.0.111\bin;C:\Program Files\dotnet\;C:\Program Files\Microsoft SQL Server\150\Tools\Binn\;C:\Program Files\Microsoft SQL Server\Client SDK\ODBC\170\Tools\Binn\;C:\Program Files (x86)\Microsoft SQL Server\160\Tools\Binn\;C:\Program Files\Microsoft SQL Server\160\Tools\Binn\;C:\Program Files\Microsoft SQL Server\160\DTS\Binn\;C:\Program Files\Java\jdk-21\bin;C:\Program Files\MySQL\MySQL Shell 8.0\bin\;C:\Program Files\Java\jdk-18.0.111\bin;C:\Users\Sneha\AppData\Local\Programs\Microsoft VS Code\bin;C:\Users\Sneha\.dotnet\tools;C:\Users\Sneha\Downloads\eclipse-java-2023-12-R-win32-x86_64\eclipse;
USERNAME=Sneha
OS=Windows_NT
PROCESSOR_IDENTIFIER=Intel64 Family 6 Model 140 Stepping 1, GenuineIntel
TMP=C:\Users\Sneha\AppData\Local\Temp
TEMP=C:\Users\Sneha\AppData\Local\Temp



Periodic native trim disabled


---------------  S Y S T E M  ---------------

OS:
 Windows 11 , 64 bit Build 22621 (10.0.22621.3527)
OS uptime: 10 days 5:51 hours
Hyper-V role detected

CPU: total 8 (initial active 8) (4 cores per cpu, 2 threads per core) family 6 model 140 stepping 1 microcode 0xb4, cx8, cmov, fxsr, ht, mmx, 3dnowpref, sse, sse2, sse3, ssse3, sse4.1, sse4.2, popcnt, lzcnt, tsc, tscinvbit, avx, avx2, aes, erms, clmul, bmi1, bmi2, adx, avx512f, avx512dq, avx512cd, avx512bw, avx512vl, sha, fma, vzeroupper, avx512_vpopcntdq, avx512_vpclmulqdq, avx512_vaes, avx512_vnni, clflush, clflushopt, clwb, avx512_vbmi2, avx512_vbmi, hv
Processor Information for all 8 processors :
  Max Mhz: 2419, Current Mhz: 2419, Mhz Limit: 2419

Memory: 4k page, system-wide physical 7926M (304M free)
TotalPageFile size 18053M (AvailPageFile size 5M)
current process WorkingSet (physical memory assigned to process): 11M, peak: 11M
current process commit charge ("private bytes"): 59M, peak: 60M

vm_info: OpenJDK 64-Bit Server VM (17.0.9+9) for windows-amd64 JRE (17.0.9+9), built on Oct 26 2023 14:01:42 by "admin" with MS VC++ 16.10 / 16.11 (VS2019)

END.
